<?xml version="1.0" encoding="UTF-8"?>
<!-- Generated by org.testng.reporters.JUnitXMLReporter -->
<testsuite ignored="1" hostname="DML-05841" failures="0" tests="1" name="Wexer" time="3.731" errors="0" timestamp="12 Jul 2019 09:37:26 GMT">
  <testcase classname="com.wexer.webplayer.BaseSetup" name="loginwithinvaliddata" time="3.697"/>
  <testcase classname="com.wexer.webplayer.BaseSetup" name="loginwithvaliddata" time="0.0">
    <ignored/>
  </testcase> <!-- loginwithvaliddata -->
</testsuite> <!-- Wexer -->
