<?xml version="1.0" encoding="UTF-8"?>
<!-- Generated by org.testng.reporters.JUnitXMLReporter -->
<testsuite ignored="1" hostname="DML-05841" failures="0" tests="1" name="Wexer" time="2.847" errors="0" timestamp="17 Jul 2019 11:28:40 GMT">
  <testcase classname="com.wexer.webplayer.BaseSetup" name="loginwithinvaliddata" time="2.804"/>
  <testcase classname="com.wexer.webplayer.BaseSetup" name="loginwithvaliddata" time="0.0">
    <ignored/>
  </testcase> <!-- loginwithvaliddata -->
</testsuite> <!-- Wexer -->
