<?xml version="1.0" encoding="UTF-8"?>
<testng-results ignored="1" total="2" passed="1" failed="0" skipped="0">
  <reporter-output>
    <line>
      <![CDATA[User lands to screen with title :LOGIN]]>
    </line>
    <line>
      <![CDATA[On entering invalid details , user will get message :Invalid username or password]]>
    </line>
  </reporter-output>
  <suite started-at="2019-07-12T09:37:22Z" name="Suite" finished-at="2019-07-12T09:37:26Z" duration-ms="3731">
    <groups>
    </groups>
    <test started-at="2019-07-12T09:37:22Z" name="Wexer" finished-at="2019-07-12T09:37:26Z" duration-ms="3731">
      <class name="com.wexer.webplayer.BaseSetup">
        <test-method is-config="true" signature="initiatebrowser(java.lang.String)[pri:0, instance:com.wexer.webplayer.BaseSetup@36d585c]" started-at="2019-07-12T09:37:08Z" name="initiatebrowser" finished-at="2019-07-12T09:37:22Z" duration-ms="13718" status="PASS">
          <params>
            <param index="0">
              <value>
                <![CDATA[Firefox]]>
              </value>
            </param>
          </params>
          <reporter-output>
          </reporter-output>
        </test-method> <!-- initiatebrowser -->
        <test-method signature="loginwithinvaliddata()[pri:0, instance:com.wexer.webplayer.BaseSetup@36d585c]" started-at="2019-07-12T09:37:22Z" name="loginwithinvaliddata" finished-at="2019-07-12T09:37:26Z" duration-ms="3697" status="PASS">
          <reporter-output>
            <line>
              <![CDATA[User lands to screen with title :LOGIN]]>
            </line>
            <line>
              <![CDATA[On entering invalid details , user will get message :Invalid username or password]]>
            </line>
          </reporter-output>
        </test-method> <!-- loginwithinvaliddata -->
      </class> <!-- com.wexer.webplayer.BaseSetup -->
    </test> <!-- Wexer -->
  </suite> <!-- Suite -->
</testng-results>
